<?xml version="1.0" encoding="UTF-8"?><testsuite errors="0" failures="0" name="com.products.productsinfo.ProductsCRUDTestwithSteps" skipped="0" tests="4" time="6.99" timestamp="2022-10-04T15:18:31.443-04:00[America/New_York]"><testcase classname="com.products.productsinfo.ProductsCRUDTestwithSteps" name="This will create a new product"/><testcase classname="com.products.productsinfo.ProductsCRUDTestwithSteps" name="Verify if product is created"/><testcase classname="com.products.productsinfo.ProductsCRUDTestwithSteps" name="update the user information"/><testcase classname="com.products.productsinfo.ProductsCRUDTestwithSteps" name="Delete product info by productid and verify its deleted"/></testsuite>